<?xml version="1.0" encoding="UTF-8"?>
<!-- Generated by org.testng.reporters.JUnitReportReporter -->
<testsuite hostname="PUNHJW256997L" name="com.crm.test.TestCases.CasePageTest" tests="4" failures="0" timestamp="1 Jun 2019 12:32:03 GMT" time="169.986" errors="0">
  <testcase name="addCase" time="35.554" classname="com.crm.test.TestCases.CasePageTest"/>
  <testcase name="addPersonDetails" time="25.301" classname="com.crm.test.TestCases.CasePageTest"/>
  <testcase name="verifyAddedPerson" time="86.760" classname="com.crm.test.TestCases.CasePageTest"/>
  <testcase name="verifyAddedCase" time="22.371" classname="com.crm.test.TestCases.CasePageTest"/>
</testsuite> <!-- com.crm.test.TestCases.CasePageTest -->
