<?xml version="1.0" encoding="UTF-8"?>
<!-- Generated by org.testng.reporters.JUnitReportReporter -->
<testsuite hostname="PUNHJW256997L" name="com.crm.test.TestCases.LoginPageTest" tests="1" failures="0" timestamp="29 May 2019 18:13:45 GMT" time="25.267" errors="0">
  <testcase name="logIn" time="25.267" classname="com.crm.test.TestCases.LoginPageTest"/>
</testsuite> <!-- com.crm.test.TestCases.LoginPageTest -->
