<?xml version="1.0" encoding="UTF-8"?>
<!-- Generated by org.testng.reporters.JUnitReportReporter -->
<testsuite hostname="PUNHJW256997L" name="com.crm.test.TestCases.NewPersonTest" tests="2" failures="0" timestamp="29 May 2019 19:55:10 GMT" time="105.723" errors="0">
  <testcase name="addPersonDetails" time="23.932" classname="com.crm.test.TestCases.NewPersonTest"/>
  <testcase name="verifyAddedPerson" time="81.791" classname="com.crm.test.TestCases.NewPersonTest"/>
</testsuite> <!-- com.crm.test.TestCases.NewPersonTest -->
